<?xml version="1.0" encoding="UTF-8"?>
<!-- Generated by org.testng.reporters.JUnitReportReporter -->
<testsuite hostname="JSP-JNTU-HYD" failures="0" tests="1" name="sampleExecution.PropertiesExecutiontest" time="0.012" errors="0" timestamp="2023-11-23T10:49:36 IST" skipped="0">
  <testcase classname="sampleExecution.PropertiesExecutiontest" name="fetchData" time="0.012"/>
  <system-out/>
</testsuite> <!-- sampleExecution.PropertiesExecutiontest -->
